<?xml version="1.0" encoding="UTF-8"?>
<!-- Generated by org.testng.reporters.JUnitXMLReporter -->
<testsuite hostname="user" ignored="39" name="Default test(failed)(failed)(failed)(failed)(failed)(failed)" tests="1" failures="0" timestamp="2022-06-29T15:50:02 IST" time="18.873" errors="0">
  <testcase name="Verify_in_Home_Page_lable_Quick_links" time="1.267" classname="test.HomePageTest"/>
  <testcase name="Verify_in_Home_Page_Product_is_Display_Chicken_Leg_Quarter" time="0.0" classname="test.HomePageTest">
    <ignored/>
  </testcase> <!-- Verify_in_Home_Page_Product_is_Display_Chicken_Leg_Quarter -->
  <testcase name="Validate_navigating_from_Home_Page_from_prok_page" time="0.0" classname="test.HomePageTest">
    <ignored/>
  </testcase> <!-- Validate_navigating_from_Home_Page_from_prok_page -->
  <testcase name="Verify_in_Home_Page_Product_is_Display_Chicken_Breast_Fillet_Skinless" time="0.0" classname="test.HomePageTest">
    <ignored/>
  </testcase> <!-- Verify_in_Home_Page_Product_is_Display_Chicken_Breast_Fillet_Skinless -->
  <testcase name="Verify_in_Home_Page_Image_Bounty_Fresh_Reseller" time="0.0" classname="test.HomePageTest">
    <ignored/>
  </testcase> <!-- Verify_in_Home_Page_Image_Bounty_Fresh_Reseller -->
  <testcase name="Verify_in_Home_Page_Product_is_Display_Chicken_Drumstick" time="0.0" classname="test.HomePageTest">
    <ignored/>
  </testcase> <!-- Verify_in_Home_Page_Product_is_Display_Chicken_Drumstick -->
  <testcase name="Validate_navigating_from_Home_Page_from_Create_your_online_store_today_with_Shopify_page" time="0.0" classname="test.HomePageTest">
    <ignored/>
  </testcase> <!-- Validate_navigating_from_Home_Page_from_Create_your_online_store_today_with_Shopify_page -->
  <testcase name="Verify_in_Home_Page_lable_Bounty_Fresh_Honey" time="0.0" classname="test.HomePageTest">
    <ignored/>
  </testcase> <!-- Verify_in_Home_Page_lable_Bounty_Fresh_Honey -->
  <testcase name="Validate_navigating_from_Home_Page_from_Quick_links_Prok_page" time="0.0" classname="test.HomePageTest">
    <ignored/>
  </testcase> <!-- Validate_navigating_from_Home_Page_from_Quick_links_Prok_page -->
  <testcase name="Verify_in_Home_Page_lable_BECOME_A_RESELLER" time="0.0" classname="test.HomePageTest">
    <ignored/>
  </testcase> <!-- Verify_in_Home_Page_lable_BECOME_A_RESELLER -->
  <testcase name="Validate_navigating_from_Home_Page_from_cut_ups_Chicken_page" time="0.0" classname="test.HomePageTest">
    <ignored/>
  </testcase> <!-- Validate_navigating_from_Home_Page_from_cut_ups_Chicken_page -->
  <testcase name="Validate_navigating_from_Home_Page_from_BECOME_A_RESELLER_UPDATED_Page" time="0.0" classname="test.HomePageTest">
    <ignored/>
  </testcase> <!-- Validate_navigating_from_Home_Page_from_BECOME_A_RESELLER_UPDATED_Page -->
  <testcase name="Validate_navigating_from_Home_Page_from_Bounty_Fresh_Honey_BUY_NOW_page" time="0.0" classname="test.HomePageTest">
    <ignored/>
  </testcase> <!-- Validate_navigating_from_Home_Page_from_Bounty_Fresh_Honey_BUY_NOW_page -->
  <testcase name="Validate_navigating_from_Home_Page_from_Ready_to_Cook" time="0.0" classname="test.HomePageTest">
    <ignored/>
  </testcase> <!-- Validate_navigating_from_Home_Page_from_Ready_to_Cook -->
  <testcase name="Validate_navigating_from_Home_Page_from_Quick_links_All_Products_page" time="0.0" classname="test.HomePageTest">
    <ignored/>
  </testcase> <!-- Validate_navigating_from_Home_Page_from_Quick_links_All_Products_page -->
  <testcase name="Validate_navigating_from_Home_Page_from_Quick_links_FREQUENTLY_ASKED_QUESTIONS_page" time="0.0" classname="test.HomePageTest">
    <ignored/>
  </testcase> <!-- Validate_navigating_from_Home_Page_from_Quick_links_FREQUENTLY_ASKED_QUESTIONS_page -->
  <testcase name="Validate_navigating_from_Home_Page_from_Beef" time="0.0" classname="test.HomePageTest">
    <ignored/>
  </testcase> <!-- Validate_navigating_from_Home_Page_from_Beef -->
  <testcase name="Validate_navigating_from_Home_Page_from_Quick_links_Beef_Page" time="0.0" classname="test.HomePageTest">
    <ignored/>
  </testcase> <!-- Validate_navigating_from_Home_Page_from_Quick_links_Beef_Page -->
  <testcase name="Verify_in_Home_Page_Product_is_Display_Chicken_Breast" time="0.0" classname="test.HomePageTest">
    <ignored/>
  </testcase> <!-- Verify_in_Home_Page_Product_is_Display_Chicken_Breast -->
  <testcase name="Validate_navigating_from_Home_Page_from_Quick_links_BECOME_A_RESELLER_UPDATED_page" time="0.0" classname="test.HomePageTest">
    <ignored/>
  </testcase> <!-- Validate_navigating_from_Home_Page_from_Quick_links_BECOME_A_RESELLER_UPDATED_page -->
  <testcase name="Verify_in_Home_Page_Product_is_Display_Chicken_Thigh" time="0.0" classname="test.HomePageTest">
    <ignored/>
  </testcase> <!-- Verify_in_Home_Page_Product_is_Display_Chicken_Thigh -->
  <testcase name="Verify_in_Home_Page_lable_SHOP_BY_CATEGORY" time="0.0" classname="test.HomePageTest">
    <ignored/>
  </testcase> <!-- Verify_in_Home_Page_lable_SHOP_BY_CATEGORY -->
  <testcase name="Validate_navigating_from_Home_Page_from_Produce" time="0.0" classname="test.HomePageTest">
    <ignored/>
  </testcase> <!-- Validate_navigating_from_Home_Page_from_Produce -->
  <testcase name="Validate_navigating_from_Home_Page_from_SHOP_BY_CATEGORY_SHOP_PORK_page" time="0.0" classname="test.HomePageTest">
    <ignored/>
  </testcase> <!-- Validate_navigating_from_Home_Page_from_SHOP_BY_CATEGORY_SHOP_PORK_page -->
  <testcase name="Validate_navigating_from_Home_Page_from_All_Products_page" time="0.0" classname="test.HomePageTest">
    <ignored/>
  </testcase> <!-- Validate_navigating_from_Home_Page_from_All_Products_page -->
  <testcase name="Validate_navigating_from_Home_Page_from_Marinated_Pork_page" time="0.0" classname="test.HomePageTest">
    <ignored/>
  </testcase> <!-- Validate_navigating_from_Home_Page_from_Marinated_Pork_page -->
  <testcase name="Validate_navigating_from_Home_Page_from_Whole_Chicken_page" time="0.0" classname="test.HomePageTest">
    <ignored/>
  </testcase> <!-- Validate_navigating_from_Home_Page_from_Whole_Chicken_page -->
  <testcase name="Validate_navigating_from_Home_Page_from_Quick_links_Produce_page" time="0.0" classname="test.HomePageTest">
    <ignored/>
  </testcase> <!-- Validate_navigating_from_Home_Page_from_Quick_links_Produce_page -->
  <testcase name="Validate_navigating_from_Home_Page_from_Quick_links_Ready_to_Cook_page" time="0.0" classname="test.HomePageTest">
    <ignored/>
  </testcase> <!-- Validate_navigating_from_Home_Page_from_Quick_links_Ready_to_Cook_page -->
  <testcase name="Validate_navigating_from_Home_Page_from_Quick_links_Easy_Recipes_page" time="0.0" classname="test.HomePageTest">
    <ignored/>
  </testcase> <!-- Validate_navigating_from_Home_Page_from_Quick_links_Easy_Recipes_page -->
  <testcase name="Verify_in_Home_Page_lable_Featured_Products" time="0.0" classname="test.HomePageTest">
    <ignored/>
  </testcase> <!-- Verify_in_Home_Page_lable_Featured_Products -->
  <testcase name="Validate_navigating_from_Home_Page_from_Marinated_Chicken_page" time="0.0" classname="test.HomePageTest">
    <ignored/>
  </testcase> <!-- Validate_navigating_from_Home_Page_from_Marinated_Chicken_page -->
  <testcase name="Validate_navigating_from_Home_Page_from_Quick_links_Privacy_Policy_page" time="0.0" classname="test.HomePageTest">
    <ignored/>
  </testcase> <!-- Validate_navigating_from_Home_Page_from_Quick_links_Privacy_Policy_page -->
  <testcase name="Verify_in_Home_Page_Product_is_Display_Chicken_Thigh_Fillet_Skinless" time="0.0" classname="test.HomePageTest">
    <ignored/>
  </testcase> <!-- Verify_in_Home_Page_Product_is_Display_Chicken_Thigh_Fillet_Skinless -->
  <testcase name="Validate_navigating_from_Home_Page_from_Breaded_Chicken_page" time="0.0" classname="test.HomePageTest">
    <ignored/>
  </testcase> <!-- Validate_navigating_from_Home_Page_from_Breaded_Chicken_page -->
  <testcase name="Validate_navigating_from_Home_Page_from_Quick_links_Chicken_page" time="0.0" classname="test.HomePageTest">
    <ignored/>
  </testcase> <!-- Validate_navigating_from_Home_Page_from_Quick_links_Chicken_page -->
  <testcase name="Validate_navigating_from_Home_Page_from_READY_TO_COOK_page" time="0.0" classname="test.HomePageTest">
    <ignored/>
  </testcase> <!-- Validate_navigating_from_Home_Page_from_READY_TO_COOK_page -->
  <testcase name="Validate_navigating_from_Home_Page_from_SHOP_BY_CATEGORY_SHOP_CHICKEN_page" time="0.0" classname="test.HomePageTest">
    <ignored/>
  </testcase> <!-- Validate_navigating_from_Home_Page_from_SHOP_BY_CATEGORY_SHOP_CHICKEN_page -->
  <testcase name="Validate_navigating_from_Home_Page_from_Easy_Recipes_page" time="0.0" classname="test.HomePageTest">
    <ignored/>
  </testcase> <!-- Validate_navigating_from_Home_Page_from_Easy_Recipes_page -->
  <testcase name="Validate_navigating_from_Home_Page_from_FREQUENTLY_ASKED_QUESTIONS_Page" time="0.0" classname="test.HomePageTest">
    <ignored/>
  </testcase> <!-- Validate_navigating_from_Home_Page_from_FREQUENTLY_ASKED_QUESTIONS_Page -->
</testsuite> <!-- Default test(failed)(failed)(failed)(failed)(failed)(failed) -->
