<?xml version="1.0" encoding="UTF-8"?>
<!-- Generated by org.testng.reporters.JUnitXMLReporter -->
<testsuite hostname="user" ignored="0" name="Default test" tests="40" failures="0" timestamp="2022-06-18T20:07:37 IST" time="59.683" errors="0">
  <testcase name="@BeforeMethod lunchURL" time="18.869" classname="test.HomePageTest">
    <failure type="org.openqa.selenium.NoSuchWindowException" message="no such window: target window already closed
from unknown error: web view not found
  (Session info: chrome=102.0.5005.115)
Build info: version: &amp;apos;4.1.0&amp;apos;, revision: &amp;apos;87802e897b&amp;apos;
System info: host: &amp;apos;USER&amp;apos;, ip: &amp;apos;192.168.1.6&amp;apos;, os.name: &amp;apos;Windows 8.1&amp;apos;, os.arch: &amp;apos;amd64&amp;apos;, os.version: &amp;apos;6.3&amp;apos;, java.version: &amp;apos;1.8.0_331&amp;apos;
Driver info: org.openqa.selenium.chrome.ChromeDriver
Command: [df53d5827ce4277ffac1ce338f4469a5, getCurrentWindowHandle {}]
Capabilities {acceptInsecureCerts: false, browserName: chrome, browserVersion: 102.0.5005.115, chrome: {chromedriverVersion: 102.0.5005.61 (0e59bcc00cc4..., userDataDir: C:\Users\asus\AppData\Local...}, goog:chromeOptions: {debuggerAddress: localhost:56366}, javascriptEnabled: true, networkConnectionEnabled: false, pageLoadStrategy: normal, platform: WINDOWS, platformName: WINDOWS, proxy: Proxy(), se:cdp: ws://localhost:56366/devtoo..., se:cdpVersion: 102.0.5005.115, setWindowRect: true, strictFileInteractability: false, timeouts: {implicit: 0, pageLoad: 300000, script: 30000}, unhandledPromptBehavior: dismiss and notify, webauthn:extension:credBlob: true, webauthn:extension:largeBlob: true, webauthn:virtualAuthenticators: true}
Session ID: df53d5827ce4277ffac1ce338f4469a5">
      <![CDATA[org.openqa.selenium.NoSuchWindowException: no such window: target window already closed
from unknown error: web view not found
  (Session info: chrome=102.0.5005.115)
Build info: version: '4.1.0', revision: '87802e897b'
System info: host: 'USER', ip: '192.168.1.6', os.name: 'Windows 8.1', os.arch: 'amd64', os.version: '6.3', java.version: '1.8.0_331'
Driver info: org.openqa.selenium.chrome.ChromeDriver
Command: [df53d5827ce4277ffac1ce338f4469a5, getCurrentWindowHandle {}]
Capabilities {acceptInsecureCerts: false, browserName: chrome, browserVersion: 102.0.5005.115, chrome: {chromedriverVersion: 102.0.5005.61 (0e59bcc00cc4..., userDataDir: C:\Users\asus\AppData\Local...}, goog:chromeOptions: {debuggerAddress: localhost:56366}, javascriptEnabled: true, networkConnectionEnabled: false, pageLoadStrategy: normal, platform: WINDOWS, platformName: WINDOWS, proxy: Proxy(), se:cdp: ws://localhost:56366/devtoo..., se:cdpVersion: 102.0.5005.115, setWindowRect: true, strictFileInteractability: false, timeouts: {implicit: 0, pageLoad: 300000, script: 30000}, unhandledPromptBehavior: dismiss and notify, webauthn:extension:credBlob: true, webauthn:extension:largeBlob: true, webauthn:virtualAuthenticators: true}
Session ID: df53d5827ce4277ffac1ce338f4469a5
at sun.reflect.NativeConstructorAccessorImpl.newInstance0(Native Method)
at sun.reflect.NativeConstructorAccessorImpl.newInstance(Unknown Source)
at sun.reflect.DelegatingConstructorAccessorImpl.newInstance(Unknown Source)
at java.lang.reflect.Constructor.newInstance(Unknown Source)
at org.openqa.selenium.remote.codec.w3c.W3CHttpResponseCodec.createException(W3CHttpResponseCodec.java:200)
at org.openqa.selenium.remote.codec.w3c.W3CHttpResponseCodec.decode(W3CHttpResponseCodec.java:133)
at org.openqa.selenium.remote.codec.w3c.W3CHttpResponseCodec.decode(W3CHttpResponseCodec.java:53)
at org.openqa.selenium.remote.HttpCommandExecutor.execute(HttpCommandExecutor.java:184)
at org.openqa.selenium.remote.service.DriverCommandExecutor.invokeExecute(DriverCommandExecutor.java:164)
at org.openqa.selenium.remote.service.DriverCommandExecutor.execute(DriverCommandExecutor.java:139)
at org.openqa.selenium.remote.RemoteWebDriver.execute(RemoteWebDriver.java:559)
at org.openqa.selenium.remote.RemoteWebDriver.execute(RemoteWebDriver.java:614)
at org.openqa.selenium.remote.RemoteWebDriver.execute(RemoteWebDriver.java:618)
at org.openqa.selenium.remote.RemoteWebDriver.getWindowHandle(RemoteWebDriver.java:477)
at org.utilities.BaseClass1.siwtchIntoWindow(BaseClass1.java:154)
at test.HomePageTest.lunchURL(HomePageTest.java:32)
at sun.reflect.NativeMethodAccessorImpl.invoke0(Native Method)
at sun.reflect.NativeMethodAccessorImpl.invoke(Unknown Source)
at sun.reflect.DelegatingMethodAccessorImpl.invoke(Unknown Source)
at java.lang.reflect.Method.invoke(Unknown Source)
at org.testng.internal.MethodInvocationHelper.invokeMethod(MethodInvocationHelper.java:133)
at org.testng.internal.MethodInvocationHelper.invokeMethodConsideringTimeout(MethodInvocationHelper.java:62)
at org.testng.internal.ConfigInvoker.invokeConfigurationMethod(ConfigInvoker.java:385)
at org.testng.internal.ConfigInvoker.invokeConfigurations(ConfigInvoker.java:321)
at org.testng.internal.TestInvoker.runConfigMethods(TestInvoker.java:700)
at org.testng.internal.TestInvoker.invokeMethod(TestInvoker.java:527)
at org.testng.internal.TestInvoker.invokeTestMethod(TestInvoker.java:173)
at org.testng.internal.MethodRunner.runInSequence(MethodRunner.java:46)
at org.testng.internal.TestInvoker$MethodInvocationAgent.invoke(TestInvoker.java:824)
at org.testng.internal.TestInvoker.invokeTestMethods(TestInvoker.java:146)
at org.testng.internal.TestMethodWorker.invokeTestMethods(TestMethodWorker.java:146)
at org.testng.internal.TestMethodWorker.run(TestMethodWorker.java:128)
at java.util.ArrayList.forEach(Unknown Source)
at org.testng.TestRunner.privateRun(TestRunner.java:794)
at org.testng.TestRunner.run(TestRunner.java:596)
at org.testng.SuiteRunner.runTest(SuiteRunner.java:377)
at org.testng.SuiteRunner.runSequentially(SuiteRunner.java:371)
at org.testng.SuiteRunner.privateRun(SuiteRunner.java:332)
at org.testng.SuiteRunner.run(SuiteRunner.java:276)
at org.testng.SuiteRunnerWorker.runSuite(SuiteRunnerWorker.java:53)
at org.testng.SuiteRunnerWorker.run(SuiteRunnerWorker.java:96)
at org.testng.TestNG.runSuitesSequentially(TestNG.java:1212)
at org.testng.TestNG.runSuitesLocally(TestNG.java:1134)
at org.testng.TestNG.runSuites(TestNG.java:1063)
at org.testng.TestNG.run(TestNG.java:1031)
at org.testng.remote.AbstractRemoteTestNG.run(AbstractRemoteTestNG.java:115)
at org.testng.remote.RemoteTestNG.initAndRun(RemoteTestNG.java:251)
at org.testng.remote.RemoteTestNG.main(RemoteTestNG.java:77)
]]>
    </failure>
  </testcase> <!-- @BeforeMethod lunchURL -->
  <testcase name="@AfterMethod time" time="-1.655563056033E9" classname="test.HomePageTest">
    <skipped/>
  </testcase> <!-- @AfterMethod time -->
  <testcase name="@BeforeMethod lunchURL" time="-1.655563056039E9" classname="test.HomePageTest">
    <skipped/>
  </testcase> <!-- @BeforeMethod lunchURL -->
  <testcase name="@AfterMethod time" time="-1.655563056059E9" classname="test.HomePageTest">
    <skipped/>
  </testcase> <!-- @AfterMethod time -->
  <testcase name="@BeforeMethod lunchURL" time="-1.655563056062E9" classname="test.HomePageTest">
    <skipped/>
  </testcase> <!-- @BeforeMethod lunchURL -->
  <testcase name="@AfterMethod time" time="-1.655563056077E9" classname="test.HomePageTest">
    <skipped/>
  </testcase> <!-- @AfterMethod time -->
  <testcase name="@BeforeMethod lunchURL" time="-1.655563056079E9" classname="test.HomePageTest">
    <skipped/>
  </testcase> <!-- @BeforeMethod lunchURL -->
  <testcase name="@AfterMethod time" time="-1.655563056091E9" classname="test.HomePageTest">
    <skipped/>
  </testcase> <!-- @AfterMethod time -->
  <testcase name="@BeforeMethod lunchURL" time="-1.655563056094E9" classname="test.HomePageTest">
    <skipped/>
  </testcase> <!-- @BeforeMethod lunchURL -->
  <testcase name="@AfterMethod time" time="-1.655563056118E9" classname="test.HomePageTest">
    <skipped/>
  </testcase> <!-- @AfterMethod time -->
  <testcase name="@BeforeMethod lunchURL" time="-1.655563056122E9" classname="test.HomePageTest">
    <skipped/>
  </testcase> <!-- @BeforeMethod lunchURL -->
  <testcase name="@AfterMethod time" time="-1.655563056137E9" classname="test.HomePageTest">
    <skipped/>
  </testcase> <!-- @AfterMethod time -->
  <testcase name="@BeforeMethod lunchURL" time="-1.655563056144E9" classname="test.HomePageTest">
    <skipped/>
  </testcase> <!-- @BeforeMethod lunchURL -->
  <testcase name="@AfterMethod time" time="-1.65556305617E9" classname="test.HomePageTest">
    <skipped/>
  </testcase> <!-- @AfterMethod time -->
  <testcase name="@BeforeMethod lunchURL" time="-1.655563056171E9" classname="test.HomePageTest">
    <skipped/>
  </testcase> <!-- @BeforeMethod lunchURL -->
  <testcase name="@AfterMethod time" time="-1.65556305619E9" classname="test.HomePageTest">
    <skipped/>
  </testcase> <!-- @AfterMethod time -->
  <testcase name="@BeforeMethod lunchURL" time="-1.655563056192E9" classname="test.HomePageTest">
    <skipped/>
  </testcase> <!-- @BeforeMethod lunchURL -->
  <testcase name="@AfterMethod time" time="-1.655563056205E9" classname="test.HomePageTest">
    <skipped/>
  </testcase> <!-- @AfterMethod time -->
  <testcase name="@BeforeMethod lunchURL" time="-1.655563056208E9" classname="test.HomePageTest">
    <skipped/>
  </testcase> <!-- @BeforeMethod lunchURL -->
  <testcase name="@AfterMethod time" time="-1.655563056226E9" classname="test.HomePageTest">
    <skipped/>
  </testcase> <!-- @AfterMethod time -->
  <testcase name="@BeforeMethod lunchURL" time="-1.655563056229E9" classname="test.HomePageTest">
    <skipped/>
  </testcase> <!-- @BeforeMethod lunchURL -->
  <testcase name="@AfterMethod time" time="-1.655563056241E9" classname="test.HomePageTest">
    <skipped/>
  </testcase> <!-- @AfterMethod time -->
  <testcase name="@BeforeMethod lunchURL" time="-1.655563056243E9" classname="test.HomePageTest">
    <skipped/>
  </testcase> <!-- @BeforeMethod lunchURL -->
  <testcase name="@AfterMethod time" time="-1.655563056269E9" classname="test.HomePageTest">
    <skipped/>
  </testcase> <!-- @AfterMethod time -->
  <testcase name="@BeforeMethod lunchURL" time="-1.655563056271E9" classname="test.HomePageTest">
    <skipped/>
  </testcase> <!-- @BeforeMethod lunchURL -->
  <testcase name="@AfterMethod time" time="-1.655563056278E9" classname="test.HomePageTest">
    <skipped/>
  </testcase> <!-- @AfterMethod time -->
  <testcase name="@BeforeMethod lunchURL" time="-1.655563056288E9" classname="test.HomePageTest">
    <skipped/>
  </testcase> <!-- @BeforeMethod lunchURL -->
  <testcase name="@AfterMethod time" time="-1.655563056298E9" classname="test.HomePageTest">
    <skipped/>
  </testcase> <!-- @AfterMethod time -->
  <testcase name="@BeforeMethod lunchURL" time="-1.65556305631E9" classname="test.HomePageTest">
    <skipped/>
  </testcase> <!-- @BeforeMethod lunchURL -->
  <testcase name="@AfterMethod time" time="-1.655563056317E9" classname="test.HomePageTest">
    <skipped/>
  </testcase> <!-- @AfterMethod time -->
  <testcase name="@BeforeMethod lunchURL" time="-1.655563056322E9" classname="test.HomePageTest">
    <skipped/>
  </testcase> <!-- @BeforeMethod lunchURL -->
  <testcase name="@AfterMethod time" time="-1.655563056337E9" classname="test.HomePageTest">
    <skipped/>
  </testcase> <!-- @AfterMethod time -->
  <testcase name="@BeforeMethod lunchURL" time="-1.65556305634E9" classname="test.HomePageTest">
    <skipped/>
  </testcase> <!-- @BeforeMethod lunchURL -->
  <testcase name="@AfterMethod time" time="-1.655563056389E9" classname="test.HomePageTest">
    <skipped/>
  </testcase> <!-- @AfterMethod time -->
  <testcase name="@BeforeMethod lunchURL" time="-1.655563056391E9" classname="test.HomePageTest">
    <skipped/>
  </testcase> <!-- @BeforeMethod lunchURL -->
  <testcase name="@AfterMethod time" time="-1.655563056399E9" classname="test.HomePageTest">
    <skipped/>
  </testcase> <!-- @AfterMethod time -->
  <testcase name="@BeforeMethod lunchURL" time="-1.655563056402E9" classname="test.HomePageTest">
    <skipped/>
  </testcase> <!-- @BeforeMethod lunchURL -->
  <testcase name="@AfterMethod time" time="-1.655563056409E9" classname="test.HomePageTest">
    <skipped/>
  </testcase> <!-- @AfterMethod time -->
  <testcase name="@BeforeMethod lunchURL" time="-1.655563056411E9" classname="test.HomePageTest">
    <skipped/>
  </testcase> <!-- @BeforeMethod lunchURL -->
  <testcase name="@AfterMethod time" time="-1.655563056424E9" classname="test.HomePageTest">
    <skipped/>
  </testcase> <!-- @AfterMethod time -->
  <testcase name="@BeforeMethod lunchURL" time="-1.65556305646E9" classname="test.HomePageTest">
    <skipped/>
  </testcase> <!-- @BeforeMethod lunchURL -->
  <testcase name="@AfterMethod time" time="-1.655563056468E9" classname="test.HomePageTest">
    <skipped/>
  </testcase> <!-- @AfterMethod time -->
  <testcase name="@BeforeMethod lunchURL" time="-1.65556305647E9" classname="test.HomePageTest">
    <skipped/>
  </testcase> <!-- @BeforeMethod lunchURL -->
  <testcase name="@AfterMethod time" time="-1.655563056476E9" classname="test.HomePageTest">
    <skipped/>
  </testcase> <!-- @AfterMethod time -->
  <testcase name="@BeforeMethod lunchURL" time="-1.655563056478E9" classname="test.HomePageTest">
    <skipped/>
  </testcase> <!-- @BeforeMethod lunchURL -->
  <testcase name="@AfterMethod time" time="-1.655563056487E9" classname="test.HomePageTest">
    <skipped/>
  </testcase> <!-- @AfterMethod time -->
  <testcase name="@BeforeMethod lunchURL" time="-1.65556305649E9" classname="test.HomePageTest">
    <skipped/>
  </testcase> <!-- @BeforeMethod lunchURL -->
  <testcase name="@AfterMethod time" time="-1.655563056497E9" classname="test.HomePageTest">
    <skipped/>
  </testcase> <!-- @AfterMethod time -->
  <testcase name="@BeforeMethod lunchURL" time="-1.655563056499E9" classname="test.HomePageTest">
    <skipped/>
  </testcase> <!-- @BeforeMethod lunchURL -->
  <testcase name="@AfterMethod time" time="-1.655563056511E9" classname="test.HomePageTest">
    <skipped/>
  </testcase> <!-- @AfterMethod time -->
  <testcase name="@BeforeMethod lunchURL" time="-1.655563056513E9" classname="test.HomePageTest">
    <skipped/>
  </testcase> <!-- @BeforeMethod lunchURL -->
  <testcase name="@AfterMethod time" time="-1.65556305653E9" classname="test.HomePageTest">
    <skipped/>
  </testcase> <!-- @AfterMethod time -->
  <testcase name="@BeforeMethod lunchURL" time="-1.655563056534E9" classname="test.HomePageTest">
    <skipped/>
  </testcase> <!-- @BeforeMethod lunchURL -->
  <testcase name="@AfterMethod time" time="-1.65556305654E9" classname="test.HomePageTest">
    <skipped/>
  </testcase> <!-- @AfterMethod time -->
  <testcase name="@BeforeMethod lunchURL" time="-1.655563056542E9" classname="test.HomePageTest">
    <skipped/>
  </testcase> <!-- @BeforeMethod lunchURL -->
  <testcase name="@AfterMethod time" time="-1.655563056548E9" classname="test.HomePageTest">
    <skipped/>
  </testcase> <!-- @AfterMethod time -->
  <testcase name="@BeforeMethod lunchURL" time="-1.65556305655E9" classname="test.HomePageTest">
    <skipped/>
  </testcase> <!-- @BeforeMethod lunchURL -->
  <testcase name="@AfterMethod time" time="-1.655563056557E9" classname="test.HomePageTest">
    <skipped/>
  </testcase> <!-- @AfterMethod time -->
  <testcase name="@BeforeMethod lunchURL" time="-1.65556305657E9" classname="test.HomePageTest">
    <skipped/>
  </testcase> <!-- @BeforeMethod lunchURL -->
  <testcase name="@AfterMethod time" time="-1.655563056576E9" classname="test.HomePageTest">
    <skipped/>
  </testcase> <!-- @AfterMethod time -->
  <testcase name="@BeforeMethod lunchURL" time="-1.655563056578E9" classname="test.HomePageTest">
    <skipped/>
  </testcase> <!-- @BeforeMethod lunchURL -->
  <testcase name="@AfterMethod time" time="-1.65556305659E9" classname="test.HomePageTest">
    <skipped/>
  </testcase> <!-- @AfterMethod time -->
  <testcase name="@BeforeMethod lunchURL" time="-1.655563056592E9" classname="test.HomePageTest">
    <skipped/>
  </testcase> <!-- @BeforeMethod lunchURL -->
  <testcase name="@AfterMethod time" time="-1.655563056598E9" classname="test.HomePageTest">
    <skipped/>
  </testcase> <!-- @AfterMethod time -->
  <testcase name="@BeforeMethod lunchURL" time="-1.655563056601E9" classname="test.HomePageTest">
    <skipped/>
  </testcase> <!-- @BeforeMethod lunchURL -->
  <testcase name="@AfterMethod time" time="-1.655563056606E9" classname="test.HomePageTest">
    <skipped/>
  </testcase> <!-- @AfterMethod time -->
  <testcase name="@BeforeMethod lunchURL" time="-1.655563056608E9" classname="test.HomePageTest">
    <skipped/>
  </testcase> <!-- @BeforeMethod lunchURL -->
  <testcase name="@AfterMethod time" time="-1.655563056614E9" classname="test.HomePageTest">
    <skipped/>
  </testcase> <!-- @AfterMethod time -->
  <testcase name="@BeforeMethod lunchURL" time="-1.655563056628E9" classname="test.HomePageTest">
    <skipped/>
  </testcase> <!-- @BeforeMethod lunchURL -->
  <testcase name="@AfterMethod time" time="-1.655563056635E9" classname="test.HomePageTest">
    <skipped/>
  </testcase> <!-- @AfterMethod time -->
  <testcase name="@BeforeMethod lunchURL" time="-1.655563056639E9" classname="test.HomePageTest">
    <skipped/>
  </testcase> <!-- @BeforeMethod lunchURL -->
  <testcase name="@AfterMethod time" time="-1.655563056644E9" classname="test.HomePageTest">
    <skipped/>
  </testcase> <!-- @AfterMethod time -->
  <testcase name="@BeforeMethod lunchURL" time="-1.655563056645E9" classname="test.HomePageTest">
    <skipped/>
  </testcase> <!-- @BeforeMethod lunchURL -->
  <testcase name="@AfterMethod time" time="-1.655563056663E9" classname="test.HomePageTest">
    <skipped/>
  </testcase> <!-- @AfterMethod time -->
  <testcase name="@BeforeMethod lunchURL" time="-1.655563056669E9" classname="test.HomePageTest">
    <skipped/>
  </testcase> <!-- @BeforeMethod lunchURL -->
  <testcase name="@AfterMethod time" time="-1.655563056676E9" classname="test.HomePageTest">
    <skipped/>
  </testcase> <!-- @AfterMethod time -->
  <testcase name="@BeforeMethod lunchURL" time="-1.655563056679E9" classname="test.HomePageTest">
    <skipped/>
  </testcase> <!-- @BeforeMethod lunchURL -->
  <testcase name="@AfterMethod time" time="-1.655563056699E9" classname="test.HomePageTest">
    <skipped/>
  </testcase> <!-- @AfterMethod time -->
  <testcase name="@BeforeMethod lunchURL" time="-1.655563056726E9" classname="test.HomePageTest">
    <skipped/>
  </testcase> <!-- @BeforeMethod lunchURL -->
  <testcase name="@AfterMethod time" time="-1.655563056734E9" classname="test.HomePageTest">
    <skipped/>
  </testcase> <!-- @AfterMethod time -->
  <testcase name="@AfterClass closeBrowser" time="-1.655563056741E9" classname="test.HomePageTest">
    <skipped/>
  </testcase> <!-- @AfterClass closeBrowser -->
  <testcase name="Validate_navigating_from_Home_Page_from_All_Products_page" time="0.0" classname="test.HomePageTest">
    <skipped/>
  </testcase> <!-- Validate_navigating_from_Home_Page_from_All_Products_page -->
  <testcase name="Validate_navigating_from_Home_Page_from_BECOME_A_RESELLER_UPDATED_Page" time="0.0" classname="test.HomePageTest">
    <skipped/>
  </testcase> <!-- Validate_navigating_from_Home_Page_from_BECOME_A_RESELLER_UPDATED_Page -->
  <testcase name="Validate_navigating_from_Home_Page_from_Beef" time="0.0" classname="test.HomePageTest">
    <skipped/>
  </testcase> <!-- Validate_navigating_from_Home_Page_from_Beef -->
  <testcase name="Validate_navigating_from_Home_Page_from_Bounty_Fresh_Honey_BUY_NOW_page" time="0.0" classname="test.HomePageTest">
    <skipped/>
  </testcase> <!-- Validate_navigating_from_Home_Page_from_Bounty_Fresh_Honey_BUY_NOW_page -->
  <testcase name="Validate_navigating_from_Home_Page_from_Breaded_Chicken_page" time="0.0" classname="test.HomePageTest">
    <skipped/>
  </testcase> <!-- Validate_navigating_from_Home_Page_from_Breaded_Chicken_page -->
  <testcase name="Validate_navigating_from_Home_Page_from_Create_your_online_store_today_with_Shopify_page" time="0.0" classname="test.HomePageTest">
    <skipped/>
  </testcase> <!-- Validate_navigating_from_Home_Page_from_Create_your_online_store_today_with_Shopify_page -->
  <testcase name="Validate_navigating_from_Home_Page_from_Easy_Recipes_page" time="0.0" classname="test.HomePageTest">
    <skipped/>
  </testcase> <!-- Validate_navigating_from_Home_Page_from_Easy_Recipes_page -->
  <testcase name="Validate_navigating_from_Home_Page_from_FREQUENTLY_ASKED_QUESTIONS_Page" time="0.0" classname="test.HomePageTest">
    <skipped/>
  </testcase> <!-- Validate_navigating_from_Home_Page_from_FREQUENTLY_ASKED_QUESTIONS_Page -->
  <testcase name="Validate_navigating_from_Home_Page_from_Marinated_Chicken_page" time="0.0" classname="test.HomePageTest">
    <skipped/>
  </testcase> <!-- Validate_navigating_from_Home_Page_from_Marinated_Chicken_page -->
  <testcase name="Validate_navigating_from_Home_Page_from_Marinated_Pork_page" time="0.0" classname="test.HomePageTest">
    <skipped/>
  </testcase> <!-- Validate_navigating_from_Home_Page_from_Marinated_Pork_page -->
  <testcase name="Validate_navigating_from_Home_Page_from_Produce" time="0.0" classname="test.HomePageTest">
    <skipped/>
  </testcase> <!-- Validate_navigating_from_Home_Page_from_Produce -->
  <testcase name="Validate_navigating_from_Home_Page_from_Quick_links_All_Products_page" time="0.0" classname="test.HomePageTest">
    <skipped/>
  </testcase> <!-- Validate_navigating_from_Home_Page_from_Quick_links_All_Products_page -->
  <testcase name="Validate_navigating_from_Home_Page_from_Quick_links_BECOME_A_RESELLER_UPDATED_page" time="0.0" classname="test.HomePageTest">
    <skipped/>
  </testcase> <!-- Validate_navigating_from_Home_Page_from_Quick_links_BECOME_A_RESELLER_UPDATED_page -->
  <testcase name="Validate_navigating_from_Home_Page_from_Quick_links_Beef_Page" time="0.0" classname="test.HomePageTest">
    <skipped/>
  </testcase> <!-- Validate_navigating_from_Home_Page_from_Quick_links_Beef_Page -->
  <testcase name="Validate_navigating_from_Home_Page_from_Quick_links_Chicken_page" time="0.0" classname="test.HomePageTest">
    <skipped/>
  </testcase> <!-- Validate_navigating_from_Home_Page_from_Quick_links_Chicken_page -->
  <testcase name="Validate_navigating_from_Home_Page_from_Quick_links_Easy_Recipes_page" time="0.0" classname="test.HomePageTest">
    <skipped/>
  </testcase> <!-- Validate_navigating_from_Home_Page_from_Quick_links_Easy_Recipes_page -->
  <testcase name="Validate_navigating_from_Home_Page_from_Quick_links_FREQUENTLY_ASKED_QUESTIONS_page" time="0.0" classname="test.HomePageTest">
    <skipped/>
  </testcase> <!-- Validate_navigating_from_Home_Page_from_Quick_links_FREQUENTLY_ASKED_QUESTIONS_page -->
  <testcase name="Validate_navigating_from_Home_Page_from_Quick_links_Privacy_Policy_page" time="0.0" classname="test.HomePageTest">
    <skipped/>
  </testcase> <!-- Validate_navigating_from_Home_Page_from_Quick_links_Privacy_Policy_page -->
  <testcase name="Validate_navigating_from_Home_Page_from_Quick_links_Produce_page" time="0.0" classname="test.HomePageTest">
    <skipped/>
  </testcase> <!-- Validate_navigating_from_Home_Page_from_Quick_links_Produce_page -->
  <testcase name="Validate_navigating_from_Home_Page_from_Quick_links_Prok_page" time="0.0" classname="test.HomePageTest">
    <skipped/>
  </testcase> <!-- Validate_navigating_from_Home_Page_from_Quick_links_Prok_page -->
  <testcase name="Validate_navigating_from_Home_Page_from_Quick_links_Ready_to_Cook_page" time="0.0" classname="test.HomePageTest">
    <skipped/>
  </testcase> <!-- Validate_navigating_from_Home_Page_from_Quick_links_Ready_to_Cook_page -->
  <testcase name="Validate_navigating_from_Home_Page_from_READY_TO_COOK_page" time="0.0" classname="test.HomePageTest">
    <skipped/>
  </testcase> <!-- Validate_navigating_from_Home_Page_from_READY_TO_COOK_page -->
  <testcase name="Validate_navigating_from_Home_Page_from_Ready_to_Cook" time="0.0" classname="test.HomePageTest">
    <skipped/>
  </testcase> <!-- Validate_navigating_from_Home_Page_from_Ready_to_Cook -->
  <testcase name="Validate_navigating_from_Home_Page_from_SHOP_BY_CATEGORY_SHOP_CHICKEN_page" time="0.0" classname="test.HomePageTest">
    <skipped/>
  </testcase> <!-- Validate_navigating_from_Home_Page_from_SHOP_BY_CATEGORY_SHOP_CHICKEN_page -->
  <testcase name="Validate_navigating_from_Home_Page_from_SHOP_BY_CATEGORY_SHOP_PORK_page" time="0.0" classname="test.HomePageTest">
    <skipped/>
  </testcase> <!-- Validate_navigating_from_Home_Page_from_SHOP_BY_CATEGORY_SHOP_PORK_page -->
  <testcase name="Validate_navigating_from_Home_Page_from_Whole_Chicken_page" time="0.0" classname="test.HomePageTest">
    <skipped/>
  </testcase> <!-- Validate_navigating_from_Home_Page_from_Whole_Chicken_page -->
  <testcase name="Validate_navigating_from_Home_Page_from_cut_ups_Chicken_page" time="0.0" classname="test.HomePageTest">
    <skipped/>
  </testcase> <!-- Validate_navigating_from_Home_Page_from_cut_ups_Chicken_page -->
  <testcase name="Validate_navigating_from_Home_Page_from_prok_page" time="0.0" classname="test.HomePageTest">
    <skipped/>
  </testcase> <!-- Validate_navigating_from_Home_Page_from_prok_page -->
  <testcase name="Verify_in_Home_Page_Image_Bounty_Fresh_Reseller" time="0.0" classname="test.HomePageTest">
    <skipped/>
  </testcase> <!-- Verify_in_Home_Page_Image_Bounty_Fresh_Reseller -->
  <testcase name="Verify_in_Home_Page_Product_is_Display_Chicken_Breast" time="0.0" classname="test.HomePageTest">
    <skipped/>
  </testcase> <!-- Verify_in_Home_Page_Product_is_Display_Chicken_Breast -->
  <testcase name="Verify_in_Home_Page_Product_is_Display_Chicken_Breast_Fillet_Skinless" time="0.0" classname="test.HomePageTest">
    <skipped/>
  </testcase> <!-- Verify_in_Home_Page_Product_is_Display_Chicken_Breast_Fillet_Skinless -->
  <testcase name="Verify_in_Home_Page_Product_is_Display_Chicken_Drumstick" time="0.0" classname="test.HomePageTest">
    <skipped/>
  </testcase> <!-- Verify_in_Home_Page_Product_is_Display_Chicken_Drumstick -->
  <testcase name="Verify_in_Home_Page_Product_is_Display_Chicken_Leg_Quarter" time="0.0" classname="test.HomePageTest">
    <skipped/>
  </testcase> <!-- Verify_in_Home_Page_Product_is_Display_Chicken_Leg_Quarter -->
  <testcase name="Verify_in_Home_Page_Product_is_Display_Chicken_Thigh" time="0.0" classname="test.HomePageTest">
    <skipped/>
  </testcase> <!-- Verify_in_Home_Page_Product_is_Display_Chicken_Thigh -->
  <testcase name="Verify_in_Home_Page_Product_is_Display_Chicken_Thigh_Fillet_Skinless" time="0.0" classname="test.HomePageTest">
    <skipped/>
  </testcase> <!-- Verify_in_Home_Page_Product_is_Display_Chicken_Thigh_Fillet_Skinless -->
  <testcase name="Verify_in_Home_Page_lable_BECOME_A_RESELLER" time="0.0" classname="test.HomePageTest">
    <skipped/>
  </testcase> <!-- Verify_in_Home_Page_lable_BECOME_A_RESELLER -->
  <testcase name="Verify_in_Home_Page_lable_Bounty_Fresh_Honey" time="0.0" classname="test.HomePageTest">
    <skipped/>
  </testcase> <!-- Verify_in_Home_Page_lable_Bounty_Fresh_Honey -->
  <testcase name="Verify_in_Home_Page_lable_Featured_Products" time="0.0" classname="test.HomePageTest">
    <skipped/>
  </testcase> <!-- Verify_in_Home_Page_lable_Featured_Products -->
  <testcase name="Verify_in_Home_Page_lable_Quick_links" time="0.0" classname="test.HomePageTest">
    <skipped/>
  </testcase> <!-- Verify_in_Home_Page_lable_Quick_links -->
  <testcase name="Verify_in_Home_Page_lable_SHOP_BY_CATEGORY" time="0.0" classname="test.HomePageTest">
    <skipped/>
  </testcase> <!-- Verify_in_Home_Page_lable_SHOP_BY_CATEGORY -->
</testsuite> <!-- Default test -->
