<?xml version="1.0" encoding="UTF-8"?>
<!-- Generated by org.testng.reporters.JUnitXMLReporter -->
<testsuite hostname="user" ignored="0" name="InternetExplorer" tests="4" failures="0" timestamp="2022-06-27T12:35:51 IST" time="39.381" errors="0">
  <testcase name="@BeforeTest lunchBrowser" time="39.163" classname="test.LoginTest">
    <failure type="java.lang.NullPointerException">
      <![CDATA[java.lang.NullPointerException
at org.utilities.BaseClass1.maxWin(BaseClass1.java:106)
at test.LoginTest.lunchBrowser(LoginTest.java:54)
at java.util.concurrent.FutureTask.run(Unknown Source)
at java.util.concurrent.ThreadPoolExecutor.runWorker(Unknown Source)
at java.util.concurrent.ThreadPoolExecutor$Worker.run(Unknown Source)
at java.lang.Thread.run(Unknown Source)
... Removed 15 stack frames]]>
    </failure>
  </testcase> <!-- @BeforeTest lunchBrowser -->
  <testcase name="@BeforeMethod lunchURL" time="-1.656313549948E9" classname="test.LoginTest">
    <skipped/>
  </testcase> <!-- @BeforeMethod lunchURL -->
  <testcase name="@AfterMethod time" time="-1.656313549973E9" classname="test.LoginTest">
    <skipped/>
  </testcase> <!-- @AfterMethod time -->
  <testcase name="@BeforeMethod lunchURL" time="-1.656313549978E9" classname="test.LoginTest">
    <skipped/>
  </testcase> <!-- @BeforeMethod lunchURL -->
  <testcase name="@AfterMethod time" time="-1.656313549988E9" classname="test.LoginTest">
    <skipped/>
  </testcase> <!-- @AfterMethod time -->
  <testcase name="@BeforeMethod lunchURL" time="-1.656313549991E9" classname="test.LoginTest">
    <skipped/>
  </testcase> <!-- @BeforeMethod lunchURL -->
  <testcase name="@AfterMethod time" time="-1.656313549996E9" classname="test.LoginTest">
    <skipped/>
  </testcase> <!-- @AfterMethod time -->
  <testcase name="@BeforeMethod lunchURL" time="-1.656313550009E9" classname="test.LoginTest">
    <skipped/>
  </testcase> <!-- @BeforeMethod lunchURL -->
  <testcase name="@AfterMethod time" time="-1.656313550015E9" classname="test.LoginTest">
    <skipped/>
  </testcase> <!-- @AfterMethod time -->
  <testcase name="@AfterClass closeBrowser" time="-1.656313550018E9" classname="test.LoginTest">
    <skipped/>
  </testcase> <!-- @AfterClass closeBrowser -->
  <testcase name="Invalid_userName_And_InValid_Password" time="0.0" classname="test.LoginTest">
    <skipped/>
  </testcase> <!-- Invalid_userName_And_InValid_Password -->
  <testcase name="Invalid_userName_And_Valid_Password" time="0.0" classname="test.LoginTest">
    <skipped/>
  </testcase> <!-- Invalid_userName_And_Valid_Password -->
  <testcase name="Valid_userName_And_Valid_Password" time="0.0" classname="test.LoginTest">
    <skipped/>
  </testcase> <!-- Valid_userName_And_Valid_Password -->
  <testcase name="valid_userName_And_InValid_Password" time="0.0" classname="test.LoginTest">
    <skipped/>
  </testcase> <!-- valid_userName_And_InValid_Password -->
</testsuite> <!-- InternetExplorer -->
