<?xml version="1.0" encoding="UTF-8"?>
<!-- Generated by org.testng.reporters.JUnitXMLReporter -->
<testsuite hostname="user" ignored="39" name="Default test(failed)(failed)(failed)(failed)(failed)" tests="1" failures="1" timestamp="2022-06-29T15:49:12 IST" time="32.81" errors="0">
  <testcase name="Verify_in_Home_Page_lable_Quick_links" time="2.307" classname="test.HomePageTest">
    <failure type="org.openqa.selenium.WebDriverException" message="unknown error: cannot determine loading status
from unknown error: unexpected command response
  (Session info: chrome=103.0.5060.53)
Build info: version: &amp;apos;4.1.0&amp;apos;, revision: &amp;apos;87802e897b&amp;apos;
System info: host: &amp;apos;USER&amp;apos;, ip: &amp;apos;192.168.1.13&amp;apos;, os.name: &amp;apos;Windows 8.1&amp;apos;, os.arch: &amp;apos;amd64&amp;apos;, os.version: &amp;apos;6.3&amp;apos;, java.version: &amp;apos;1.8.0_331&amp;apos;
Driver info: org.openqa.selenium.chrome.ChromeDriver
Command: [a3c8687f0f30b1c99bb5ce490241ae90, findElement {using=xpath, value=//p[text()=&amp;apos;Quick links&amp;apos;]}]
Capabilities {acceptInsecureCerts: false, browserName: chrome, browserVersion: 103.0.5060.53, chrome: {chromedriverVersion: 103.0.5060.53 (a1711811edd7..., userDataDir: C:\Users\asus\AppData\Local...}, goog:chromeOptions: {debuggerAddress: localhost:63063}, javascriptEnabled: true, networkConnectionEnabled: false, pageLoadStrategy: normal, platform: WINDOWS, platformName: WINDOWS, proxy: Proxy(), se:cdp: ws://localhost:63063/devtoo..., se:cdpVersion: 103.0.5060.53, setWindowRect: true, strictFileInteractability: false, timeouts: {implicit: 0, pageLoad: 300000, script: 30000}, unhandledPromptBehavior: dismiss and notify, webauthn:extension:credBlob: true, webauthn:extension:largeBlob: true, webauthn:virtualAuthenticators: true}
Session ID: a3c8687f0f30b1c99bb5ce490241ae90">
      <![CDATA[org.openqa.selenium.WebDriverException: unknown error: cannot determine loading status
from unknown error: unexpected command response
  (Session info: chrome=103.0.5060.53)
Build info: version: '4.1.0', revision: '87802e897b'
System info: host: 'USER', ip: '192.168.1.13', os.name: 'Windows 8.1', os.arch: 'amd64', os.version: '6.3', java.version: '1.8.0_331'
Driver info: org.openqa.selenium.chrome.ChromeDriver
Command: [a3c8687f0f30b1c99bb5ce490241ae90, findElement {using=xpath, value=//p[text()='Quick links']}]
Capabilities {acceptInsecureCerts: false, browserName: chrome, browserVersion: 103.0.5060.53, chrome: {chromedriverVersion: 103.0.5060.53 (a1711811edd7..., userDataDir: C:\Users\asus\AppData\Local...}, goog:chromeOptions: {debuggerAddress: localhost:63063}, javascriptEnabled: true, networkConnectionEnabled: false, pageLoadStrategy: normal, platform: WINDOWS, platformName: WINDOWS, proxy: Proxy(), se:cdp: ws://localhost:63063/devtoo..., se:cdpVersion: 103.0.5060.53, setWindowRect: true, strictFileInteractability: false, timeouts: {implicit: 0, pageLoad: 300000, script: 30000}, unhandledPromptBehavior: dismiss and notify, webauthn:extension:credBlob: true, webauthn:extension:largeBlob: true, webauthn:virtualAuthenticators: true}
Session ID: a3c8687f0f30b1c99bb5ce490241ae90
at org.openqa.selenium.remote.codec.w3c.W3CHttpResponseCodec.createException(W3CHttpResponseCodec.java:200)
at org.openqa.selenium.remote.codec.w3c.W3CHttpResponseCodec.decode(W3CHttpResponseCodec.java:133)
at org.openqa.selenium.remote.codec.w3c.W3CHttpResponseCodec.decode(W3CHttpResponseCodec.java:53)
at org.openqa.selenium.remote.HttpCommandExecutor.execute(HttpCommandExecutor.java:184)
at org.openqa.selenium.remote.service.DriverCommandExecutor.invokeExecute(DriverCommandExecutor.java:164)
at org.openqa.selenium.remote.service.DriverCommandExecutor.execute(DriverCommandExecutor.java:139)
at org.openqa.selenium.remote.RemoteWebDriver.execute(RemoteWebDriver.java:559)
at org.openqa.selenium.remote.ElementLocation$ElementFinder$2.findElement(ElementLocation.java:162)
at org.openqa.selenium.remote.ElementLocation.findElement(ElementLocation.java:60)
at org.openqa.selenium.remote.RemoteWebDriver.findElement(RemoteWebDriver.java:383)
at org.openqa.selenium.remote.RemoteWebDriver.findElement(RemoteWebDriver.java:375)
at org.openqa.selenium.support.pagefactory.DefaultElementLocator.findElement(DefaultElementLocator.java:70)
at org.openqa.selenium.support.pagefactory.internal.LocatingElementHandler.invoke(LocatingElementHandler.java:39)
at com.sun.proxy.$Proxy17.getText(Unknown Source)
at test.HomePageTest.Verify_in_Home_Page_lable_Quick_links(HomePageTest.java:337)
at java.util.ArrayList.forEach(Unknown Source)
... Removed 31 stack frames]]>
    </failure>
  </testcase> <!-- Verify_in_Home_Page_lable_Quick_links -->
  <testcase name="Verify_in_Home_Page_Product_is_Display_Chicken_Leg_Quarter" time="0.0" classname="test.HomePageTest">
    <ignored/>
  </testcase> <!-- Verify_in_Home_Page_Product_is_Display_Chicken_Leg_Quarter -->
  <testcase name="Validate_navigating_from_Home_Page_from_prok_page" time="0.0" classname="test.HomePageTest">
    <ignored/>
  </testcase> <!-- Validate_navigating_from_Home_Page_from_prok_page -->
  <testcase name="Verify_in_Home_Page_Image_Bounty_Fresh_Reseller" time="0.0" classname="test.HomePageTest">
    <ignored/>
  </testcase> <!-- Verify_in_Home_Page_Image_Bounty_Fresh_Reseller -->
  <testcase name="Verify_in_Home_Page_Product_is_Display_Chicken_Breast_Fillet_Skinless" time="0.0" classname="test.HomePageTest">
    <ignored/>
  </testcase> <!-- Verify_in_Home_Page_Product_is_Display_Chicken_Breast_Fillet_Skinless -->
  <testcase name="Verify_in_Home_Page_Product_is_Display_Chicken_Drumstick" time="0.0" classname="test.HomePageTest">
    <ignored/>
  </testcase> <!-- Verify_in_Home_Page_Product_is_Display_Chicken_Drumstick -->
  <testcase name="Validate_navigating_from_Home_Page_from_Create_your_online_store_today_with_Shopify_page" time="0.0" classname="test.HomePageTest">
    <ignored/>
  </testcase> <!-- Validate_navigating_from_Home_Page_from_Create_your_online_store_today_with_Shopify_page -->
  <testcase name="Verify_in_Home_Page_lable_Bounty_Fresh_Honey" time="0.0" classname="test.HomePageTest">
    <ignored/>
  </testcase> <!-- Verify_in_Home_Page_lable_Bounty_Fresh_Honey -->
  <testcase name="Validate_navigating_from_Home_Page_from_Quick_links_Prok_page" time="0.0" classname="test.HomePageTest">
    <ignored/>
  </testcase> <!-- Validate_navigating_from_Home_Page_from_Quick_links_Prok_page -->
  <testcase name="Verify_in_Home_Page_lable_BECOME_A_RESELLER" time="0.0" classname="test.HomePageTest">
    <ignored/>
  </testcase> <!-- Verify_in_Home_Page_lable_BECOME_A_RESELLER -->
  <testcase name="Validate_navigating_from_Home_Page_from_cut_ups_Chicken_page" time="0.0" classname="test.HomePageTest">
    <ignored/>
  </testcase> <!-- Validate_navigating_from_Home_Page_from_cut_ups_Chicken_page -->
  <testcase name="Validate_navigating_from_Home_Page_from_BECOME_A_RESELLER_UPDATED_Page" time="0.0" classname="test.HomePageTest">
    <ignored/>
  </testcase> <!-- Validate_navigating_from_Home_Page_from_BECOME_A_RESELLER_UPDATED_Page -->
  <testcase name="Validate_navigating_from_Home_Page_from_Bounty_Fresh_Honey_BUY_NOW_page" time="0.0" classname="test.HomePageTest">
    <ignored/>
  </testcase> <!-- Validate_navigating_from_Home_Page_from_Bounty_Fresh_Honey_BUY_NOW_page -->
  <testcase name="Validate_navigating_from_Home_Page_from_Ready_to_Cook" time="0.0" classname="test.HomePageTest">
    <ignored/>
  </testcase> <!-- Validate_navigating_from_Home_Page_from_Ready_to_Cook -->
  <testcase name="Validate_navigating_from_Home_Page_from_Quick_links_All_Products_page" time="0.0" classname="test.HomePageTest">
    <ignored/>
  </testcase> <!-- Validate_navigating_from_Home_Page_from_Quick_links_All_Products_page -->
  <testcase name="Validate_navigating_from_Home_Page_from_Beef" time="0.0" classname="test.HomePageTest">
    <ignored/>
  </testcase> <!-- Validate_navigating_from_Home_Page_from_Beef -->
  <testcase name="Validate_navigating_from_Home_Page_from_Quick_links_FREQUENTLY_ASKED_QUESTIONS_page" time="0.0" classname="test.HomePageTest">
    <ignored/>
  </testcase> <!-- Validate_navigating_from_Home_Page_from_Quick_links_FREQUENTLY_ASKED_QUESTIONS_page -->
  <testcase name="Validate_navigating_from_Home_Page_from_Quick_links_Beef_Page" time="0.0" classname="test.HomePageTest">
    <ignored/>
  </testcase> <!-- Validate_navigating_from_Home_Page_from_Quick_links_Beef_Page -->
  <testcase name="Verify_in_Home_Page_Product_is_Display_Chicken_Breast" time="0.0" classname="test.HomePageTest">
    <ignored/>
  </testcase> <!-- Verify_in_Home_Page_Product_is_Display_Chicken_Breast -->
  <testcase name="Validate_navigating_from_Home_Page_from_Quick_links_BECOME_A_RESELLER_UPDATED_page" time="0.0" classname="test.HomePageTest">
    <ignored/>
  </testcase> <!-- Validate_navigating_from_Home_Page_from_Quick_links_BECOME_A_RESELLER_UPDATED_page -->
  <testcase name="Verify_in_Home_Page_lable_SHOP_BY_CATEGORY" time="0.0" classname="test.HomePageTest">
    <ignored/>
  </testcase> <!-- Verify_in_Home_Page_lable_SHOP_BY_CATEGORY -->
  <testcase name="Verify_in_Home_Page_Product_is_Display_Chicken_Thigh" time="0.0" classname="test.HomePageTest">
    <ignored/>
  </testcase> <!-- Verify_in_Home_Page_Product_is_Display_Chicken_Thigh -->
  <testcase name="Validate_navigating_from_Home_Page_from_Produce" time="0.0" classname="test.HomePageTest">
    <ignored/>
  </testcase> <!-- Validate_navigating_from_Home_Page_from_Produce -->
  <testcase name="Validate_navigating_from_Home_Page_from_SHOP_BY_CATEGORY_SHOP_PORK_page" time="0.0" classname="test.HomePageTest">
    <ignored/>
  </testcase> <!-- Validate_navigating_from_Home_Page_from_SHOP_BY_CATEGORY_SHOP_PORK_page -->
  <testcase name="Validate_navigating_from_Home_Page_from_All_Products_page" time="0.0" classname="test.HomePageTest">
    <ignored/>
  </testcase> <!-- Validate_navigating_from_Home_Page_from_All_Products_page -->
  <testcase name="Validate_navigating_from_Home_Page_from_Marinated_Pork_page" time="0.0" classname="test.HomePageTest">
    <ignored/>
  </testcase> <!-- Validate_navigating_from_Home_Page_from_Marinated_Pork_page -->
  <testcase name="Validate_navigating_from_Home_Page_from_Whole_Chicken_page" time="0.0" classname="test.HomePageTest">
    <ignored/>
  </testcase> <!-- Validate_navigating_from_Home_Page_from_Whole_Chicken_page -->
  <testcase name="Validate_navigating_from_Home_Page_from_Quick_links_Produce_page" time="0.0" classname="test.HomePageTest">
    <ignored/>
  </testcase> <!-- Validate_navigating_from_Home_Page_from_Quick_links_Produce_page -->
  <testcase name="Validate_navigating_from_Home_Page_from_Quick_links_Ready_to_Cook_page" time="0.0" classname="test.HomePageTest">
    <ignored/>
  </testcase> <!-- Validate_navigating_from_Home_Page_from_Quick_links_Ready_to_Cook_page -->
  <testcase name="Validate_navigating_from_Home_Page_from_Quick_links_Easy_Recipes_page" time="0.0" classname="test.HomePageTest">
    <ignored/>
  </testcase> <!-- Validate_navigating_from_Home_Page_from_Quick_links_Easy_Recipes_page -->
  <testcase name="Verify_in_Home_Page_lable_Featured_Products" time="0.0" classname="test.HomePageTest">
    <ignored/>
  </testcase> <!-- Verify_in_Home_Page_lable_Featured_Products -->
  <testcase name="Validate_navigating_from_Home_Page_from_Marinated_Chicken_page" time="0.0" classname="test.HomePageTest">
    <ignored/>
  </testcase> <!-- Validate_navigating_from_Home_Page_from_Marinated_Chicken_page -->
  <testcase name="Validate_navigating_from_Home_Page_from_Quick_links_Privacy_Policy_page" time="0.0" classname="test.HomePageTest">
    <ignored/>
  </testcase> <!-- Validate_navigating_from_Home_Page_from_Quick_links_Privacy_Policy_page -->
  <testcase name="Verify_in_Home_Page_Product_is_Display_Chicken_Thigh_Fillet_Skinless" time="0.0" classname="test.HomePageTest">
    <ignored/>
  </testcase> <!-- Verify_in_Home_Page_Product_is_Display_Chicken_Thigh_Fillet_Skinless -->
  <testcase name="Validate_navigating_from_Home_Page_from_Breaded_Chicken_page" time="0.0" classname="test.HomePageTest">
    <ignored/>
  </testcase> <!-- Validate_navigating_from_Home_Page_from_Breaded_Chicken_page -->
  <testcase name="Validate_navigating_from_Home_Page_from_Quick_links_Chicken_page" time="0.0" classname="test.HomePageTest">
    <ignored/>
  </testcase> <!-- Validate_navigating_from_Home_Page_from_Quick_links_Chicken_page -->
  <testcase name="Validate_navigating_from_Home_Page_from_READY_TO_COOK_page" time="0.0" classname="test.HomePageTest">
    <ignored/>
  </testcase> <!-- Validate_navigating_from_Home_Page_from_READY_TO_COOK_page -->
  <testcase name="Validate_navigating_from_Home_Page_from_SHOP_BY_CATEGORY_SHOP_CHICKEN_page" time="0.0" classname="test.HomePageTest">
    <ignored/>
  </testcase> <!-- Validate_navigating_from_Home_Page_from_SHOP_BY_CATEGORY_SHOP_CHICKEN_page -->
  <testcase name="Validate_navigating_from_Home_Page_from_Easy_Recipes_page" time="0.0" classname="test.HomePageTest">
    <ignored/>
  </testcase> <!-- Validate_navigating_from_Home_Page_from_Easy_Recipes_page -->
  <testcase name="Validate_navigating_from_Home_Page_from_FREQUENTLY_ASKED_QUESTIONS_Page" time="0.0" classname="test.HomePageTest">
    <ignored/>
  </testcase> <!-- Validate_navigating_from_Home_Page_from_FREQUENTLY_ASKED_QUESTIONS_Page -->
</testsuite> <!-- Default test(failed)(failed)(failed)(failed)(failed) -->
