<?xml version="1.0" encoding="UTF-8"?>
<testng-results skipped="0" failed="0" ignored="39" total="40" passed="1">
  <reporter-output>
  </reporter-output>
  <suite name="Failed suite [Failed suite [Failed suite [Failed suite [Failed suite [Failed suite [Default suite]]]]]]" duration-ms="18873" started-at="2022-06-29T15:49:43 IST" finished-at="2022-06-29T15:50:02 IST">
    <groups>
    </groups>
    <test name="Default test(failed)(failed)(failed)(failed)(failed)(failed)" duration-ms="18873" started-at="2022-06-29T15:49:43 IST" finished-at="2022-06-29T15:50:02 IST">
      <class name="test.HomePageTest">
        <test-method status="PASS" signature="lunchBrowser()[pri:0, instance:test.HomePageTest@3439f68d]" name="lunchBrowser" is-config="true" duration-ms="8242" started-at="2022-06-29T15:49:43 IST" finished-at="2022-06-29T15:49:51 IST">
          <reporter-output>
          </reporter-output>
        </test-method> <!-- lunchBrowser -->
        <test-method status="PASS" signature="lunchURL()[pri:0, instance:test.HomePageTest@3439f68d]" name="lunchURL" is-config="true" duration-ms="9278" started-at="2022-06-29T15:49:51 IST" finished-at="2022-06-29T15:50:01 IST">
          <reporter-output>
          </reporter-output>
        </test-method> <!-- lunchURL -->
        <test-method status="PASS" signature="Verify_in_Home_Page_lable_Quick_links()[pri:0, instance:test.HomePageTest@3439f68d]" name="Verify_in_Home_Page_lable_Quick_links" duration-ms="1267" started-at="2022-06-29T15:50:01 IST" finished-at="2022-06-29T15:50:02 IST">
          <reporter-output>
          </reporter-output>
        </test-method> <!-- Verify_in_Home_Page_lable_Quick_links -->
        <test-method status="PASS" signature="time()[pri:0, instance:test.HomePageTest@3439f68d]" name="time" is-config="true" duration-ms="1" started-at="2022-06-29T15:50:02 IST" finished-at="2022-06-29T15:50:02 IST">
          <reporter-output>
          </reporter-output>
        </test-method> <!-- time -->
        <test-method status="PASS" signature="closeBrowser()[pri:0, instance:test.HomePageTest@3439f68d]" name="closeBrowser" is-config="true" duration-ms="0" started-at="2022-06-29T15:50:02 IST" finished-at="2022-06-29T15:50:02 IST">
          <reporter-output>
          </reporter-output>
        </test-method> <!-- closeBrowser -->
      </class> <!-- test.HomePageTest -->
    </test> <!-- Default test(failed)(failed)(failed)(failed)(failed)(failed) -->
  </suite> <!-- Failed suite [Failed suite [Failed suite [Failed suite [Failed suite [Failed suite [Default suite]]]]]] -->
</testng-results>
